d:\ahmonitor\ahmonitor\ahmonitor\x64\debug\vc140.pdb
d:\ahmonitor\ahmonitor\ahmonitor\x64\debug\qrc_ahmonitor.obj
d:\ahmonitor\ahmonitor\ahmonitor\x64\debug\main.obj
d:\ahmonitor\ahmonitor\ahmonitor\x64\debug\qlogondialog.obj
d:\ahmonitor\ahmonitor\ahmonitor\x64\debug\moc_qlogondialog.obj
d:\ahmonitor\ahmonitor\ahmonitor\x64\debug\moc_ahmonitor.obj
d:\ahmonitor\ahmonitor\ahmonitor\x64\debug\ahmonitor.obj
d:\ahmonitor\ahmonitor\ahmonitor\generatedfiles\ui_ahmonitor.h
d:\ahmonitor\ahmonitor\ahmonitor\generatedfiles\debug\moc_qlogondialog.cpp
d:\ahmonitor\ahmonitor\ahmonitor\generatedfiles\qrc_ahmonitor.cpp
d:\ahmonitor\ahmonitor\ahmonitor\generatedfiles\debug\moc_ahmonitor.cpp
d:\ahmonitor\ahmonitor\x64\debug\ahmonitor.pdb
d:\ahmonitor\ahmonitor\ahmonitor\x64\debug\ahmonitor.tlog\cl.command.1.tlog
d:\ahmonitor\ahmonitor\ahmonitor\x64\debug\ahmonitor.tlog\cl.read.1.tlog
d:\ahmonitor\ahmonitor\ahmonitor\x64\debug\ahmonitor.tlog\cl.write.1.tlog
d:\ahmonitor\ahmonitor\ahmonitor\x64\debug\ahmonitor.tlog\custombuild.command.1.tlog
d:\ahmonitor\ahmonitor\ahmonitor\x64\debug\ahmonitor.tlog\custombuild.read.1.tlog
d:\ahmonitor\ahmonitor\ahmonitor\x64\debug\ahmonitor.tlog\custombuild.write.1.tlog
d:\ahmonitor\ahmonitor\ahmonitor\x64\debug\ahmonitor.tlog\link-cvtres.read.1.tlog
d:\ahmonitor\ahmonitor\ahmonitor\x64\debug\ahmonitor.tlog\link-cvtres.write.1.tlog
d:\ahmonitor\ahmonitor\ahmonitor\x64\debug\ahmonitor.tlog\link-mt.read.1.tlog
d:\ahmonitor\ahmonitor\ahmonitor\x64\debug\ahmonitor.tlog\link-mt.write.1.tlog
d:\ahmonitor\ahmonitor\ahmonitor\x64\debug\ahmonitor.tlog\link-rc.read.1.tlog
d:\ahmonitor\ahmonitor\ahmonitor\x64\debug\ahmonitor.tlog\link-rc.write.1.tlog
d:\ahmonitor\ahmonitor\ahmonitor\x64\debug\ahmonitor.tlog\link.9780-cvtres.read.1.tlog
d:\ahmonitor\ahmonitor\ahmonitor\x64\debug\ahmonitor.tlog\link.9780-cvtres.write.1.tlog
d:\ahmonitor\ahmonitor\ahmonitor\x64\debug\ahmonitor.tlog\link.9780-mt.read.1.tlog
d:\ahmonitor\ahmonitor\ahmonitor\x64\debug\ahmonitor.tlog\link.9780-mt.write.1.tlog
d:\ahmonitor\ahmonitor\ahmonitor\x64\debug\ahmonitor.tlog\link.9780-rc.read.1.tlog
d:\ahmonitor\ahmonitor\ahmonitor\x64\debug\ahmonitor.tlog\link.9780-rc.write.1.tlog
d:\ahmonitor\ahmonitor\ahmonitor\x64\debug\ahmonitor.tlog\link.9780.read.1.tlog
d:\ahmonitor\ahmonitor\ahmonitor\x64\debug\ahmonitor.tlog\link.9780.write.1.tlog
d:\ahmonitor\ahmonitor\ahmonitor\x64\debug\ahmonitor.tlog\link.command.1.tlog
d:\ahmonitor\ahmonitor\ahmonitor\x64\debug\ahmonitor.tlog\link.read.1.tlog
d:\ahmonitor\ahmonitor\ahmonitor\x64\debug\ahmonitor.tlog\link.write.1.tlog
