d:\ahxplayer\pro1\ahmonitor\ahmonitor\ahmonitor\debug\vc140.pdb
d:\ahxplayer\pro1\ahmonitor\ahmonitor\ahmonitor\debug\qtoolssplit.obj
d:\ahxplayer\pro1\ahmonitor\ahmonitor\ahmonitor\debug\qservertreewidget.obj
d:\ahxplayer\pro1\ahmonitor\ahmonitor\ahmonitor\debug\qlogondialog.obj
d:\ahxplayer\pro1\ahmonitor\ahmonitor\ahmonitor\debug\playermanager.obj
d:\ahxplayer\pro1\ahmonitor\ahmonitor\ahmonitor\debug\main.obj
d:\ahxplayer\pro1\ahmonitor\ahmonitor\ahmonitor\debug\moc_xvideowidget.obj
d:\ahxplayer\pro1\ahmonitor\ahmonitor\ahmonitor\debug\moc_videowidget.obj
d:\ahxplayer\pro1\ahmonitor\ahmonitor\ahmonitor\debug\moc_videopanel.obj
d:\ahxplayer\pro1\ahmonitor\ahmonitor\ahmonitor\debug\moc_qtoolssplit.obj
d:\ahxplayer\pro1\ahmonitor\ahmonitor\ahmonitor\debug\moc_qservertreewidget.obj
d:\ahxplayer\pro1\ahmonitor\ahmonitor\ahmonitor\debug\moc_qlogondialog.obj
d:\ahxplayer\pro1\ahmonitor\ahmonitor\ahmonitor\debug\moc_ffmpegdecode.obj
d:\ahxplayer\pro1\ahmonitor\ahmonitor\ahmonitor\debug\moc_ffmpeg.obj
d:\ahxplayer\pro1\ahmonitor\ahmonitor\ahmonitor\debug\moc_fdecodethread.obj
d:\ahxplayer\pro1\ahmonitor\ahmonitor\ahmonitor\debug\moc_ahmonitor.obj
d:\ahxplayer\pro1\ahmonitor\ahmonitor\ahmonitor\debug\framestreammanager.obj
d:\ahxplayer\pro1\ahmonitor\ahmonitor\ahmonitor\debug\ffmpegdecode.obj
d:\ahxplayer\pro1\ahmonitor\ahmonitor\ahmonitor\debug\fdecodethread.obj
d:\ahxplayer\pro1\ahmonitor\ahmonitor\ahmonitor\debug\ahmonitor.obj
d:\ahxplayer\pro1\ahmonitor\ahmonitor\ahmonitor\debug\ffmpeg.obj
d:\ahxplayer\pro1\ahmonitor\ahmonitor\ahmonitor\debug\xvideowidget.obj
d:\ahxplayer\pro1\ahmonitor\ahmonitor\ahmonitor\debug\xvideothread.obj
d:\ahxplayer\pro1\ahmonitor\ahmonitor\ahmonitor\debug\xresample.obj
d:\ahxplayer\pro1\ahmonitor\ahmonitor\ahmonitor\debug\xdecodethread.obj
d:\ahxplayer\pro1\ahmonitor\ahmonitor\ahmonitor\debug\xdecode.obj
d:\ahxplayer\pro1\ahmonitor\ahmonitor\ahmonitor\debug\xaudiothread.obj
d:\ahxplayer\pro1\ahmonitor\ahmonitor\ahmonitor\debug\xaudioplay.obj
d:\ahxplayer\pro1\ahmonitor\ahmonitor\ahmonitor\debug\videowidget.obj
d:\ahxplayer\pro1\ahmonitor\ahmonitor\ahmonitor\debug\videopanel.obj
d:\ahxplayer\pro1\ahmonitor\ahmonitor\ahmonitor\debug\servermanager.obj
d:\ahxplayer\pro1\ahmonitor\ahmonitor\ahmonitor\debug\qrc_resource.obj
d:\ahxplayer\pro1\ahmonitor\ahmonitor\ahmonitor\debug\qrc_ahmonitor.obj
d:\ahxplayer\pro1\ahmonitor\ahmonitor\ahmonitor\generatedfiles\debug\moc_ahmonitor.cpp
d:\ahxplayer\pro1\ahmonitor\ahmonitor\ahmonitor\generatedfiles\ui_ahmonitor.h
d:\ahxplayer\pro1\ahmonitor\ahmonitor\ahmonitor\generatedfiles\debug\moc_xvideowidget.cpp
d:\ahxplayer\pro1\ahmonitor\ahmonitor\ahmonitor\generatedfiles\debug\moc_ffmpeg.cpp
d:\ahxplayer\pro1\ahmonitor\ahmonitor\ahmonitor\generatedfiles\debug\moc_ffmpegdecode.cpp
d:\ahxplayer\pro1\ahmonitor\ahmonitor\ahmonitor\generatedfiles\debug\moc_fdecodethread.cpp
d:\ahxplayer\pro1\ahmonitor\ahmonitor\ahmonitor\generatedfiles\debug\moc_qservertreewidget.cpp
d:\ahxplayer\pro1\ahmonitor\ahmonitor\ahmonitor\generatedfiles\debug\moc_qtoolssplit.cpp
d:\ahxplayer\pro1\ahmonitor\ahmonitor\ahmonitor\generatedfiles\debug\moc_videowidget.cpp
d:\ahxplayer\pro1\ahmonitor\ahmonitor\ahmonitor\generatedfiles\debug\moc_qlogondialog.cpp
d:\ahxplayer\pro1\ahmonitor\ahmonitor\ahmonitor\generatedfiles\qrc_ahmonitor.cpp
d:\ahxplayer\pro1\ahmonitor\ahmonitor\ahmonitor\generatedfiles\qrc_resource.cpp
d:\ahxplayer\pro1\ahmonitor\ahmonitor\ahmonitor\generatedfiles\debug\moc_videopanel.cpp
d:\ahxplayer\pro1\ahmonitor\ahmonitor\win32\debug\ahmonitor.ilk
d:\ahxplayer\pro1\ahmonitor\ahmonitor\win32\debug\ahmonitor.exe
d:\ahxplayer\pro1\ahmonitor\ahmonitor\win32\debug\ahmonitor.pdb
d:\ahxplayer\pro1\ahmonitor\ahmonitor\ahmonitor\debug\ahmonitor.tlog\cl.command.1.tlog
d:\ahxplayer\pro1\ahmonitor\ahmonitor\ahmonitor\debug\ahmonitor.tlog\cl.read.1.tlog
d:\ahxplayer\pro1\ahmonitor\ahmonitor\ahmonitor\debug\ahmonitor.tlog\cl.write.1.tlog
d:\ahxplayer\pro1\ahmonitor\ahmonitor\ahmonitor\debug\ahmonitor.tlog\custombuild.command.1.tlog
d:\ahxplayer\pro1\ahmonitor\ahmonitor\ahmonitor\debug\ahmonitor.tlog\custombuild.read.1.tlog
d:\ahxplayer\pro1\ahmonitor\ahmonitor\ahmonitor\debug\ahmonitor.tlog\custombuild.write.1.tlog
d:\ahxplayer\pro1\ahmonitor\ahmonitor\ahmonitor\debug\ahmonitor.tlog\link.command.1.tlog
d:\ahxplayer\pro1\ahmonitor\ahmonitor\ahmonitor\debug\ahmonitor.tlog\link.read.1.tlog
d:\ahxplayer\pro1\ahmonitor\ahmonitor\ahmonitor\debug\ahmonitor.tlog\link.write.1.tlog
