f:\济南 汇联\代码\ghvideoplayertest\libffmpegwrapper\x64\debug\libffmpegwrapper.pch
f:\济南 汇联\代码\ghvideoplayertest\libffmpegwrapper\x64\debug\vc141.pdb
f:\济南 汇联\代码\ghvideoplayertest\libffmpegwrapper\x64\debug\vc141.idb
f:\济南 汇联\代码\ghvideoplayertest\libffmpegwrapper\x64\debug\stdafx.obj
f:\济南 汇联\代码\ghvideoplayertest\libffmpegwrapper\x64\debug\yuvtorgb.obj
f:\济南 汇联\代码\ghvideoplayertest\libffmpegwrapper\x64\debug\libffmpegwrapper.obj
f:\济南 汇联\代码\ghvideoplayertest\libffmpegwrapper\x64\debug\h264decode2.obj
f:\济南 汇联\代码\ghvideoplayertest\libffmpegwrapper\x64\debug\h264decode.obj
f:\济南 汇联\代码\ghvideoplayertest\libffmpegwrapper\x64\debug\ffmpegwrapper.obj
f:\济南 汇联\代码\ghvideoplayertest\libffmpegwrapper\x64\debug\dllmain.obj
f:\济南 汇联\代码\ghvideoplayertest\x64\debug\libffmpegwrapper.lib
f:\济南 汇联\代码\ghvideoplayertest\x64\debug\libffmpegwrapper.exp
f:\济南 汇联\代码\ghvideoplayertest\x64\debug\libffmpegwrapper.ilk
f:\济南 汇联\代码\ghvideoplayertest\x64\debug\libffmpegwrapper.dll
f:\济南 汇联\代码\ghvideoplayertest\x64\debug\libffmpegwrapper.pdb
d:\googledownload\ghvideoplayertest\libffmpegwrapper\x64\debug\dllmain.obj
d:\googledownload\ghvideoplayertest\libffmpegwrapper\x64\debug\ffmpegwrapper.obj
d:\googledownload\ghvideoplayertest\libffmpegwrapper\x64\debug\h264decode.obj
d:\googledownload\ghvideoplayertest\libffmpegwrapper\x64\debug\h264decode2.obj
d:\googledownload\ghvideoplayertest\libffmpegwrapper\x64\debug\libffmpegwrapper.obj
d:\googledownload\ghvideoplayertest\libffmpegwrapper\x64\debug\stdafx.obj
d:\googledownload\ghvideoplayertest\libffmpegwrapper\x64\debug\yuvtorgb.obj
d:\googledownload\ghvideoplayertest\libffmpegwrapper\x64\debug\libffmpegwrapper.pch
d:\googledownload\ghvideoplayertest\libffmpegwrapper\x64\debug\vc141.idb
d:\googledownload\ghvideoplayertest\libffmpegwrapper\x64\debug\vc141.pdb
d:\googledownload\ghvideoplayertest\x64\debug\libffmpegwrapper.pdb
d:\googledownload\ghvideoplayertest\x64\debug\libffmpegwrapper.dll
d:\googledownload\ghvideoplayertest\x64\debug\libffmpegwrapper.ilk
d:\googledownload\ghvideoplayertest\libffmpegwrapper\x64\debug\libffmpegwrapper.tlog\cl.command.1.tlog
d:\googledownload\ghvideoplayertest\libffmpegwrapper\x64\debug\libffmpegwrapper.tlog\cl.read.1.tlog
d:\googledownload\ghvideoplayertest\libffmpegwrapper\x64\debug\libffmpegwrapper.tlog\cl.write.1.tlog
d:\googledownload\ghvideoplayertest\libffmpegwrapper\x64\debug\libffmpegwrapper.tlog\libffmpegwrapper.write.1u.tlog
d:\googledownload\ghvideoplayertest\libffmpegwrapper\x64\debug\libffmpegwrapper.tlog\link.command.1.tlog
d:\googledownload\ghvideoplayertest\libffmpegwrapper\x64\debug\libffmpegwrapper.tlog\link.read.1.tlog
d:\googledownload\ghvideoplayertest\libffmpegwrapper\x64\debug\libffmpegwrapper.tlog\link.write.1.tlog
