  AHMonitor.cpp
C:\Program Files (x86)\Microsoft Visual Studio 14.0\VC\atlmfc\include\afx.h(38): warning C4996: 'MBCS_Support_Deprecated_In_MFC': MBCS support in MFC is deprecated and may be removed in a future version of MFC.
  C:\Program Files (x86)\Microsoft Visual Studio 14.0\VC\atlmfc\include\afx.h(33): note: 参见“MBCS_Support_Deprecated_In_MFC”的声明
  _WIN32_WINNT not defined. Defaulting to _WIN32_WINNT_MAXVER (see WinSDKVer.h)
d:\ahmonitor\ahmonitor\ahmonitor\HeadFile.h(23): warning C4068: 未知的杂注
d:\ahmonitor\ahmonitor\ahmonitor\HeadFile.h(24): warning C4068: 未知的杂注
  moc_AHMonitor.cpp
C:\Program Files (x86)\Microsoft Visual Studio 14.0\VC\atlmfc\include\afx.h(38): warning C4996: 'MBCS_Support_Deprecated_In_MFC': MBCS support in MFC is deprecated and may be removed in a future version of MFC.
  C:\Program Files (x86)\Microsoft Visual Studio 14.0\VC\atlmfc\include\afx.h(33): note: 参见“MBCS_Support_Deprecated_In_MFC”的声明
  _WIN32_WINNT not defined. Defaulting to _WIN32_WINNT_MAXVER (see WinSDKVer.h)
d:\ahmonitor\ahmonitor\ahmonitor\HeadFile.h(23): warning C4068: 未知的杂注
d:\ahmonitor\ahmonitor\ahmonitor\HeadFile.h(24): warning C4068: 未知的杂注
  main.cpp
C:\Program Files (x86)\Microsoft Visual Studio 14.0\VC\atlmfc\include\afx.h(38): warning C4996: 'MBCS_Support_Deprecated_In_MFC': MBCS support in MFC is deprecated and may be removed in a future version of MFC.
  C:\Program Files (x86)\Microsoft Visual Studio 14.0\VC\atlmfc\include\afx.h(33): note: 参见“MBCS_Support_Deprecated_In_MFC”的声明
  _WIN32_WINNT not defined. Defaulting to _WIN32_WINNT_MAXVER (see WinSDKVer.h)
d:\ahmonitor\ahmonitor\ahmonitor\HeadFile.h(23): warning C4068: 未知的杂注
d:\ahmonitor\ahmonitor\ahmonitor\HeadFile.h(24): warning C4068: 未知的杂注
  QLogonDialog.cpp
C:\Program Files (x86)\Microsoft Visual Studio 14.0\VC\atlmfc\include\afx.h(38): warning C4996: 'MBCS_Support_Deprecated_In_MFC': MBCS support in MFC is deprecated and may be removed in a future version of MFC.
  C:\Program Files (x86)\Microsoft Visual Studio 14.0\VC\atlmfc\include\afx.h(33): note: 参见“MBCS_Support_Deprecated_In_MFC”的声明
  _WIN32_WINNT not defined. Defaulting to _WIN32_WINNT_MAXVER (see WinSDKVer.h)
d:\ahmonitor\ahmonitor\ahmonitor\HeadFile.h(23): warning C4068: 未知的杂注
d:\ahmonitor\ahmonitor\ahmonitor\HeadFile.h(24): warning C4068: 未知的杂注
  正在生成代码...
  qrc_AHMonitor.cpp
QLogonDialog.obj : error LNK2019: 无法解析的外部符号 "__declspec(dllimport) public: static class CCameraMngr * __cdecl CCameraMngr::getInstance(void)" (__imp_?getInstance@CCameraMngr@@SAPEAV1@XZ)，该符号在函数 "public: void __cdecl QLogonDialog::onLogonClicked(void)" (?onLogonClicked@QLogonDialog@@QEAAXXZ) 中被引用
QLogonDialog.obj : error LNK2019: 无法解析的外部符号 "__declspec(dllimport) public: int __cdecl CCameraMngr::SetCallbackFunc(void (__cdecl*)(enum MP_ENG_EVENT,int,void *,void *),void *)" (__imp_?SetCallbackFunc@CCameraMngr@@QEAAHP6AXW4MP_ENG_EVENT@@HPEAX1@Z1@Z)，该符号在函数 "public: void __cdecl QLogonDialog::onLogonClicked(void)" (?onLogonClicked@QLogonDialog@@QEAAXXZ) 中被引用
QLogonDialog.obj : error LNK2019: 无法解析的外部符号 "__declspec(dllimport) public: int __cdecl CCameraMngr::ConnectServer(char const *,int,char const *,char const *,struct _CAM_SERVER_INFO *,int)" (__imp_?ConnectServer@CCameraMngr@@QEAAHPEBDH00PEAU_CAM_SERVER_INFO@@H@Z)，该符号在函数 "public: void __cdecl QLogonDialog::onLogonClicked(void)" (?onLogonClicked@QLogonDialog@@QEAAXXZ) 中被引用
QLogonDialog.obj : error LNK2001: 无法解析的外部符号 "public: virtual struct QMetaObject const * __cdecl QLogonDialog::metaObject(void)const " (?metaObject@QLogonDialog@@UEBAPEBUQMetaObject@@XZ)
QLogonDialog.obj : error LNK2001: 无法解析的外部符号 "public: virtual void * __cdecl QLogonDialog::qt_metacast(char const *)" (?qt_metacast@QLogonDialog@@UEAAPEAXPEBD@Z)
QLogonDialog.obj : error LNK2001: 无法解析的外部符号 "public: virtual int __cdecl QLogonDialog::qt_metacall(enum QMetaObject::Call,int,void * *)" (?qt_metacall@QLogonDialog@@UEAAHW4Call@QMetaObject@@HPEAPEAX@Z)
D:\AHMonitor\AHMonitor\x64\Release\\AHMonitor.exe : fatal error LNK1120: 6 个无法解析的外部命令
