d:\ahmonitor\libffmpegwrapper\debug\libffmpegwrapper.pch
d:\ahmonitor\libffmpegwrapper\debug\vc140.pdb
d:\ahmonitor\libffmpegwrapper\debug\vc140.idb
d:\ahmonitor\libffmpegwrapper\debug\stdafx.obj
d:\ahmonitor\libffmpegwrapper\debug\dllmain.obj
d:\ahmonitor\libffmpegwrapper\debug\ffmpegwrapper.obj
d:\ahmonitor\libffmpegwrapper\debug\h264decode.obj
d:\ahmonitor\libffmpegwrapper\debug\libffmpegwrapper.obj
d:\ahmonitor\libffmpegwrapper\debug\yuvtorgb.obj
d:\ahmonitor\lib\libffmpegwrapper.lib
d:\ahmonitor\lib\libffmpegwrapper.exp
d:\ahmonitor\ahmonitor\win32\debug\libffmpegwrapper.ilk
d:\ahmonitor\ahmonitor\win32\debug\libffmpegwrapper.dll
d:\ahmonitor\ahmonitor\win32\debug\libffmpegwrapper.pdb
d:\ahmonitor\libffmpegwrapper\debug\libffmpegwrapper.tlog\cl.command.1.tlog
d:\ahmonitor\libffmpegwrapper\debug\libffmpegwrapper.tlog\cl.read.1.tlog
d:\ahmonitor\libffmpegwrapper\debug\libffmpegwrapper.tlog\cl.write.1.tlog
d:\ahmonitor\libffmpegwrapper\debug\libffmpegwrapper.tlog\libffmpegwrapper.write.1u.tlog
d:\ahmonitor\libffmpegwrapper\debug\libffmpegwrapper.tlog\link.command.1.tlog
d:\ahmonitor\libffmpegwrapper\debug\libffmpegwrapper.tlog\link.read.1.tlog
d:\ahmonitor\libffmpegwrapper\debug\libffmpegwrapper.tlog\link.write.1.tlog
