201116091232 skt=1812 snd_buf_size=3145728 rcv=5242880
201116091232 Connect::SendCmd::cmdUser failed with error -9.
201116091232 Connect error with ret code -1.
201116091244 skt=2072 snd_buf_size=3145728 rcv=5242880
201116091244 Connect::SendCmd::cmdUser failed with error -9.
201116091244 Connect error with ret code -1.
201116091407 skt=1768 snd_buf_size=3145728 rcv=5242880
201116091407 Connect::SendCmd::cmdUser failed with error -9.
201116091407 Connect error with ret code -1.
201116091443 skt=1632 snd_buf_size=3145728 rcv=5242880
201116091507 skt=1672 snd_buf_size=3145728 rcv=5242880
201116091650 skt=1872 snd_buf_size=3145728 rcv=5242880
201116091650 VideoTcpTask: EAGAIN
201116091755 skt=1616 snd_buf_size=3145728 rcv=5242880
201116091757 skt=1828 snd_buf_size=3145728 rcv=5242880
201116091757 VideoTcpTask: EAGAIN
201116092933 skt=1408 snd_buf_size=3145728 rcv=5242880
201116094211 skt=1776 snd_buf_size=3145728 rcv=5242880
201116094325 skt=1648 snd_buf_size=3145728 rcv=5242880
201116094325 Connect::SendCmd::cmdUser failed with error -9.
201116094325 Connect error with ret code -1.
201116094330 skt=2212 snd_buf_size=3145728 rcv=5242880
201116094500 skt=1624 snd_buf_size=3145728 rcv=5242880
201116094524 skt=1540 snd_buf_size=3145728 rcv=5242880
201116094540 skt=1660 snd_buf_size=3145728 rcv=5242880
201116101839 skt=1636 snd_buf_size=3145728 rcv=5242880
201116101853 skt=1608 snd_buf_size=3145728 rcv=5242880
201116101914 skt=1516 snd_buf_size=3145728 rcv=5242880
201116102001 skt=1576 snd_buf_size=3145728 rcv=5242880
201116102024 skt=1608 snd_buf_size=3145728 rcv=5242880
201116102043 skt=1616 snd_buf_size=3145728 rcv=5242880
201116102058 skt=1616 snd_buf_size=3145728 rcv=5242880
201116102314 skt=1644 snd_buf_size=3145728 rcv=5242880
201116104245 skt=1780 snd_buf_size=3145728 rcv=5242880
201116104414 skt=1580 snd_buf_size=3145728 rcv=5242880
201116104455 skt=1500 snd_buf_size=3145728 rcv=5242880
201116104549 skt=1792 snd_buf_size=3145728 rcv=5242880
201116104704 skt=1616 snd_buf_size=3145728 rcv=5242880
201116104819 skt=1648 snd_buf_size=3145728 rcv=5242880
201116105117 skt=1680 snd_buf_size=3145728 rcv=5242880
201116105542 skt=1624 snd_buf_size=3145728 rcv=5242880
201116105849 skt=1644 snd_buf_size=3145728 rcv=5242880
201116105904 skt=1656 snd_buf_size=3145728 rcv=5242880
201116110003 skt=1768 snd_buf_size=3145728 rcv=5242880
201116110017 skt=1768 snd_buf_size=3145728 rcv=5242880
201116110035 skt=1616 snd_buf_size=3145728 rcv=5242880
201116110712 skt=1680 snd_buf_size=3145728 rcv=5242880
201116110921 skt=1620 snd_buf_size=3145728 rcv=5242880
201116111003 skt=1616 snd_buf_size=3145728 rcv=5242880
201116111045 skt=1612 snd_buf_size=3145728 rcv=5242880
201116111146 skt=1544 snd_buf_size=3145728 rcv=5242880
201116114757 skt=1252 snd_buf_size=3145728 rcv=5242880
201116114838 skt=1248 snd_buf_size=3145728 rcv=5242880
201116115017 skt=1240 snd_buf_size=3145728 rcv=5242880
201116115204 skt=1244 snd_buf_size=3145728 rcv=5242880
201116115231 skt=1248 snd_buf_size=3145728 rcv=5242880
201116115341 skt=1240 snd_buf_size=3145728 rcv=5242880
201116115906 skt=1608 snd_buf_size=3145728 rcv=5242880
201116122759 skt=1812 snd_buf_size=3145728 rcv=5242880
201116123311 skt=1628 snd_buf_size=3145728 rcv=5242880
201116123337 skt=1616 snd_buf_size=3145728 rcv=5242880
201116123434 skt=1616 snd_buf_size=3145728 rcv=5242880
201116123458 skt=1648 snd_buf_size=3145728 rcv=5242880
201116123630 skt=1660 snd_buf_size=3145728 rcv=5242880
201116123715 skt=1412 snd_buf_size=3145728 rcv=5242880
201116123930 skt=1768 snd_buf_size=3145728 rcv=5242880
201116124337 skt=1620 snd_buf_size=3145728 rcv=5242880
201116124658 skt=1640 snd_buf_size=3145728 rcv=5242880
201116124806 skt=1836 snd_buf_size=3145728 rcv=5242880
201116124806 VideoTcpTask: EAGAIN
201116124806 VideoTcpTask: EAGAIN
201116130151 63 ms in VideoTcpTask::Run
201116130151 94 ms in VideoTcpTask::Run
201116130151 78 ms in VideoTcpTask::Run
201116130151 78 ms in VideoTcpTask::Run
201116130151 47 ms in VideoTcpTask::Run
201116130157 31 ms in VideoTcpTask::Run
201116130159 32 ms in VideoTcpTask::Run
201116130159 32 ms in VideoTcpTask::Run
201116130630 32 ms in VideoTcpTask::Run
201116130630 78 ms in VideoTcpTask::Run
201116130630 78 ms in VideoTcpTask::Run
201116130631 78 ms in VideoTcpTask::Run
201116130631 78 ms in VideoTcpTask::Run
201116130631 78 ms in VideoTcpTask::Run
201116130631 94 ms in VideoTcpTask::Run
201116130631 62 ms in VideoTcpTask::Run
201116130631 79 ms in VideoTcpTask::Run
201116130631 93 ms in VideoTcpTask::Run
201116130631 78 ms in VideoTcpTask::Run
201116130631 79 ms in VideoTcpTask::Run
201116130631 93 ms in VideoTcpTask::Run
201116130631 78 ms in VideoTcpTask::Run
201116130631 79 ms in VideoTcpTask::Run
201116130632 78 ms in VideoTcpTask::Run
201116130632 78 ms in VideoTcpTask::Run
201116130632 78 ms in VideoTcpTask::Run
201116130632 78 ms in VideoTcpTask::Run
201116130632 78 ms in VideoTcpTask::Run
201116130632 78 ms in VideoTcpTask::Run
201116130940 skt=1768 snd_buf_size=3145728 rcv=5242880
201116130942 skt=1824 snd_buf_size=3145728 rcv=5242880
201116130942 VideoTcpTask: EAGAIN
201116131248 31 ms in VideoTcpTask::Run
201116131248 78 ms in VideoTcpTask::Run
201116131249 32 ms in VideoTcpTask::Run
201116131249 78 ms in VideoTcpTask::Run
201116131249 94 ms in VideoTcpTask::Run
201116131249 78 ms in VideoTcpTask::Run
201116131249 78 ms in VideoTcpTask::Run
201116131249 94 ms in VideoTcpTask::Run
201116131249 78 ms in VideoTcpTask::Run
201116131249 62 ms in VideoTcpTask::Run
201116131249 78 ms in VideoTcpTask::Run
201116131249 94 ms in VideoTcpTask::Run
201116131249 78 ms in VideoTcpTask::Run
201116131249 63 ms in VideoTcpTask::Run
201116131250 78 ms in VideoTcpTask::Run
201116131250 78 ms in VideoTcpTask::Run
201116131250 78 ms in VideoTcpTask::Run
201116131250 94 ms in VideoTcpTask::Run
201116131250 78 ms in VideoTcpTask::Run
201116131250 78 ms in VideoTcpTask::Run
201116131250 78 ms in VideoTcpTask::Run
201116131250 78 ms in VideoTcpTask::Run
201116131250 94 ms in VideoTcpTask::Run
201116131250 78 ms in VideoTcpTask::Run
201116131250 78 ms in VideoTcpTask::Run
201116131250 79 ms in VideoTcpTask::Run
201116131251 78 ms in VideoTcpTask::Run
201116131251 31 ms in VideoTcpTask::Run
201116131710 skt=1188 snd_buf_size=3145728 rcv=5242880
201116131713 skt=1828 snd_buf_size=3145728 rcv=5242880
201116131713 VideoTcpTask: EAGAIN
201116131713 VideoTcpTask: EAGAIN
201116142551 skt=1628 snd_buf_size=3145728 rcv=5242880
201116142700 skt=1676 snd_buf_size=3145728 rcv=5242880
201116142700 VideoTcpTask: EAGAIN
201116142700 VideoTcpTask: EAGAIN
201116145222 skt=1624 snd_buf_size=3145728 rcv=5242880
201116145224 skt=1668 snd_buf_size=3145728 rcv=5242880
201116145224 VideoTcpTask: EAGAIN
201116145621 skt=1604 snd_buf_size=3145728 rcv=5242880
201116145623 skt=1680 snd_buf_size=3145728 rcv=5242880
201116145623 VideoTcpTask: EAGAIN
201116145932 skt=1624 snd_buf_size=3145728 rcv=5242880
201116145935 skt=1824 snd_buf_size=3145728 rcv=5242880
201116145935 VideoTcpTask: EAGAIN
201116150339 skt=1660 snd_buf_size=3145728 rcv=5242880
201116150340 skt=1860 snd_buf_size=3145728 rcv=5242880
201116150340 VideoTcpTask: EAGAIN
201116150417 skt=1632 snd_buf_size=3145728 rcv=5242880
201116150419 skt=1828 snd_buf_size=3145728 rcv=5242880
201116150419 VideoTcpTask: EAGAIN
201116150612 skt=1640 snd_buf_size=3145728 rcv=5242880
201116150614 skt=1692 snd_buf_size=3145728 rcv=5242880
201116150614 VideoTcpTask: EAGAIN
201116150719 skt=1484 snd_buf_size=3145728 rcv=5242880
201116150719 VideoTcpTask: EAGAIN
201116150824 skt=904 snd_buf_size=3145728 rcv=5242880
201116150824 VideoTcpTask: EAGAIN
201116150824 VideoTcpTask: EAGAIN
201116150929 skt=1384 snd_buf_size=3145728 rcv=5242880
201116150929 VideoTcpTask: EAGAIN
201116151034 skt=1380 snd_buf_size=3145728 rcv=5242880
201116151034 VideoTcpTask: EAGAIN
201116151034 VideoTcpTask: EAGAIN
201116151132 812 ms in VideoTcpTask::Run
201116152123 skt=1616 snd_buf_size=3145728 rcv=5242880
201116152125 skt=1828 snd_buf_size=3145728 rcv=5242880
201116152125 VideoTcpTask: EAGAIN
201116152125 VideoTcpTask: EAGAIN
201116152140 1875 ms in VideoTcpTask::Run
201116152316 skt=1760 snd_buf_size=3145728 rcv=5242880
201116152317 skt=1812 snd_buf_size=3145728 rcv=5242880
201116152317 VideoTcpTask: EAGAIN
201116152317 VideoTcpTask: EAGAIN
201116152521 skt=1612 snd_buf_size=3145728 rcv=5242880
201116152523 skt=1648 snd_buf_size=3145728 rcv=5242880
201116152523 VideoTcpTask: EAGAIN
201116152918 skt=1648 snd_buf_size=3145728 rcv=5242880
201116152920 skt=1852 snd_buf_size=3145728 rcv=5242880
201116152920 VideoTcpTask: EAGAIN
201116153239 skt=1624 snd_buf_size=3145728 rcv=5242880
201116153241 skt=1816 snd_buf_size=3145728 rcv=5242880
201116153241 VideoTcpTask: EAGAIN
201116155431 skt=1664 snd_buf_size=3145728 rcv=5242880
201116155434 skt=1872 snd_buf_size=3145728 rcv=5242880
201116155434 VideoTcpTask: EAGAIN
201116155942 skt=1616 snd_buf_size=3145728 rcv=5242880
201116155944 skt=1664 snd_buf_size=3145728 rcv=5242880
201116155944 VideoTcpTask: EAGAIN
201116160532 skt=1636 snd_buf_size=3145728 rcv=5242880
201116160539 skt=1824 snd_buf_size=3145728 rcv=5242880
201116160539 VideoTcpTask: EAGAIN
201116160539 VideoTcpTask: EAGAIN
201116160947 skt=1820 snd_buf_size=3145728 rcv=5242880
201116160947 VideoTcpTask: EAGAIN
201116161943 skt=1552 snd_buf_size=3145728 rcv=5242880
201116161945 skt=1828 snd_buf_size=3145728 rcv=5242880
201116161945 VideoTcpTask: EAGAIN
201116162353 skt=1380 snd_buf_size=3145728 rcv=5242880
201116162353 VideoTcpTask: EAGAIN
201116162458 skt=1892 snd_buf_size=3145728 rcv=5242880
201116162458 VideoTcpTask: EAGAIN
201116162603 skt=900 snd_buf_size=3145728 rcv=5242880
201116162603 VideoTcpTask: EAGAIN
201116162603 VideoTcpTask: EAGAIN
201116162708 skt=1868 snd_buf_size=3145728 rcv=5242880
201116162708 VideoTcpTask: EAGAIN
201116164436 skt=1616 snd_buf_size=3145728 rcv=5242880
201116165009 skt=1628 snd_buf_size=3145728 rcv=5242880
201116165148 skt=1020 snd_buf_size=3145728 rcv=5242880
201116165232 skt=1616 snd_buf_size=3145728 rcv=5242880
201116165233 skt=1824 snd_buf_size=3145728 rcv=5242880
201116165233 VideoTcpTask: EAGAIN
201116165822 skt=1428 snd_buf_size=3145728 rcv=5242880
201116165849 skt=1624 snd_buf_size=3145728 rcv=5242880
201116165849 VideoTcpTask: EAGAIN
201116170236 skt=1652 snd_buf_size=3145728 rcv=5242880
201116170238 skt=1816 snd_buf_size=3145728 rcv=5242880
201116170238 VideoTcpTask: EAGAIN
201116170318 skt=1608 snd_buf_size=3145728 rcv=5242880
201116170319 skt=1656 snd_buf_size=3145728 rcv=5242880
201116170319 VideoTcpTask: EAGAIN
201116171714 skt=1764 snd_buf_size=3145728 rcv=5242880
201116171824 skt=1776 snd_buf_size=3145728 rcv=5242880
201116171827 skt=1832 snd_buf_size=3145728 rcv=5242880
201116171827 VideoTcpTask: EAGAIN
201116172056 skt=1608 snd_buf_size=3145728 rcv=5242880
201116172057 skt=1820 snd_buf_size=3145728 rcv=5242880
201116172057 VideoTcpTask: EAGAIN
201116172205 skt=1644 snd_buf_size=3145728 rcv=5242880
201116172206 skt=1836 snd_buf_size=3145728 rcv=5242880
201116172206 VideoTcpTask: EAGAIN
201116172745 skt=1760 snd_buf_size=3145728 rcv=5242880
201116172746 skt=1828 snd_buf_size=3145728 rcv=5242880
201116172746 VideoTcpTask: EAGAIN
201116172826 14203 ms in VideoTcpTask::Run
201116173211 skt=1608 snd_buf_size=3145728 rcv=5242880
201116173213 skt=1900 snd_buf_size=3145728 rcv=5242880
201116173213 VideoTcpTask: EAGAIN
201116173507 skt=1656 snd_buf_size=3145728 rcv=5242880
201116173509 skt=1824 snd_buf_size=3145728 rcv=5242880
201116173509 VideoTcpTask: EAGAIN
201116173509 VideoTcpTask: EAGAIN
201116173710 skt=1768 snd_buf_size=3145728 rcv=5242880
201116174029 skt=1808 snd_buf_size=3145728 rcv=5242880
201116174029 VideoTcpTask: EAGAIN
201116174125 skt=1452 snd_buf_size=3145728 rcv=5242880
201116174128 skt=1824 snd_buf_size=3145728 rcv=5242880
201116174128 VideoTcpTask: EAGAIN
201116174128 VideoTcpTask: EAGAIN
201116174139 797 ms in VideoTcpTask::Run
201116174321 skt=1628 snd_buf_size=3145728 rcv=5242880
201116174324 skt=1532 snd_buf_size=3145728 rcv=5242880
201116174324 VideoTcpTask: EAGAIN
201116174504 skt=1560 snd_buf_size=3145728 rcv=5242880
201116174507 skt=1816 snd_buf_size=3145728 rcv=5242880
201116174507 VideoTcpTask: EAGAIN
201116174537 skt=1620 snd_buf_size=3145728 rcv=5242880
201116174539 skt=1828 snd_buf_size=3145728 rcv=5242880
201116174539 VideoTcpTask: EAGAIN
201116174613 skt=1768 snd_buf_size=3145728 rcv=5242880
201116174614 skt=1828 snd_buf_size=3145728 rcv=5242880
201116174614 VideoTcpTask: EAGAIN
201116174737 skt=1656 snd_buf_size=3145728 rcv=5242880
201116174738 skt=1832 snd_buf_size=3145728 rcv=5242880
201116174738 VideoTcpTask: EAGAIN
201116174803 1125 ms in VideoTcpTask::Run
201116174904 skt=1612 snd_buf_size=3145728 rcv=5242880
201116174906 skt=1820 snd_buf_size=3145728 rcv=5242880
201116174906 VideoTcpTask: EAGAIN
201116174912 2985 ms in VideoTcpTask::Run
201116174953 4922 ms in VideoTcpTask::Run
201116175121 skt=1636 snd_buf_size=3145728 rcv=5242880
201116175123 skt=1816 snd_buf_size=3145728 rcv=5242880
201116175123 VideoTcpTask: EAGAIN
201116175137 31 ms in VideoTcpTask::Run
201116175307 skt=1684 snd_buf_size=3145728 rcv=5242880
201116175309 skt=1896 snd_buf_size=3145728 rcv=5242880
201116175309 VideoTcpTask: EAGAIN
201116175729 skt=1664 snd_buf_size=3145728 rcv=5242880
201116175731 skt=1856 snd_buf_size=3145728 rcv=5242880
201116175731 VideoTcpTask: EAGAIN
201116175750 4032 ms in VideoTcpTask::Run
201116180023 skt=1608 snd_buf_size=3145728 rcv=5242880
201116180026 skt=1828 snd_buf_size=3145728 rcv=5242880
201116180026 VideoTcpTask: EAGAIN
201116180033 547 ms in VideoTcpTask::Run
201116180153 skt=1616 snd_buf_size=3145728 rcv=5242880
201116180155 skt=1824 snd_buf_size=3145728 rcv=5242880
201116180155 VideoTcpTask: EAGAIN
201116180155 VideoTcpTask: EAGAIN
201116180800 skt=1620 snd_buf_size=3145728 rcv=5242880
201116180906 skt=1840 snd_buf_size=3145728 rcv=5242880
201116180906 VideoTcpTask: EAGAIN
201116180921 3516 ms in VideoTcpTask::Run
201116180950 skt=1620 snd_buf_size=3145728 rcv=5242880
201116180952 skt=1844 snd_buf_size=3145728 rcv=5242880
201116180952 VideoTcpTask: EAGAIN
201116181147 skt=1612 snd_buf_size=3145728 rcv=5242880
201116181148 skt=1828 snd_buf_size=3145728 rcv=5242880
201116181148 VideoTcpTask: EAGAIN
201116181303 3375 ms in VideoTcpTask::Run
201116181307 skt=1856 snd_buf_size=3145728 rcv=5242880
201116181307 VideoTcpTask: EAGAIN
