201201101609 skt=1708 snd_buf_size=3145728 rcv=5242880
201201101832 skt=1484 snd_buf_size=3145728 rcv=5242880
201201101834 skt=1824 snd_buf_size=3145728 rcv=5242880
201201101834 VideoTcpTask: EAGAIN
201201155241 skt=1656 snd_buf_size=3145728 rcv=5242880
201201155243 skt=1844 snd_buf_size=3145728 rcv=5242880
201201155243 VideoTcpTask: EAGAIN
201201155243 VideoTcpTask: EAGAIN
201201155459 skt=1768 snd_buf_size=3145728 rcv=5242880
201201155459 Psw is error with code -2.
201201155459 Connect error with ret code -2.
201201155504 skt=2204 snd_buf_size=3145728 rcv=5242880
201201155506 skt=2140 snd_buf_size=3145728 rcv=5242880
201201155506 VideoTcpTask: EAGAIN
201201155815 skt=1648 snd_buf_size=3145728 rcv=5242880
201201155816 skt=1892 snd_buf_size=3145728 rcv=5242880
201201155816 VideoTcpTask: EAGAIN
201201155913 skt=1616 snd_buf_size=3145728 rcv=5242880
201201155915 skt=1824 snd_buf_size=3145728 rcv=5242880
201201155915 VideoTcpTask: EAGAIN
201201155915 VideoTcpTask: EAGAIN
201201160014 skt=1636 snd_buf_size=3145728 rcv=5242880
201201160016 skt=1820 snd_buf_size=3145728 rcv=5242880
201201160016 VideoTcpTask: EAGAIN
201201160228 skt=1632 snd_buf_size=3145728 rcv=5242880
201201160229 skt=1824 snd_buf_size=3145728 rcv=5242880
201201160229 VideoTcpTask: EAGAIN
201201160625 skt=1648 snd_buf_size=3145728 rcv=5242880
201201160627 skt=1820 snd_buf_size=3145728 rcv=5242880
201201160627 VideoTcpTask: EAGAIN
201201160647 skt=1612 snd_buf_size=3145728 rcv=5242880
201201160648 skt=1828 snd_buf_size=3145728 rcv=5242880
201201160648 VideoTcpTask: EAGAIN
201201160702 5641 ms in VideoTcpTask::Run
201201160712 4703 ms in VideoTcpTask::Run
201201160718 3531 ms in VideoTcpTask::Run
201201160727 2453 ms in VideoTcpTask::Run
201201160811 skt=1656 snd_buf_size=3145728 rcv=5242880
201201160813 skt=1172 snd_buf_size=3145728 rcv=5242880
201201160813 VideoTcpTask: EAGAIN
201201160846 skt=1672 snd_buf_size=3145728 rcv=5242880
201201160847 skt=1856 snd_buf_size=3145728 rcv=5242880
201201160847 VideoTcpTask: EAGAIN
201201160847 VideoTcpTask: EAGAIN
201201160900 9625 ms in VideoTcpTask::Run
201201160939 skt=1612 snd_buf_size=3145728 rcv=5242880
201201160940 skt=1676 snd_buf_size=3145728 rcv=5242880
201201160940 VideoTcpTask: EAGAIN
201201161021 4297 ms in VideoTcpTask::Run
201201161026 2875 ms in VideoTcpTask::Run
201201161136 skt=1788 snd_buf_size=3145728 rcv=5242880
201201161138 skt=1852 snd_buf_size=3145728 rcv=5242880
201201161138 VideoTcpTask: EAGAIN
201201161138 VideoTcpTask: EAGAIN
201201225206 skt=1672 snd_buf_size=3145728 rcv=5242880
201201232729 skt=1840 snd_buf_size=3145728 rcv=5242880
201201232730 skt=1900 snd_buf_size=3145728 rcv=5242880
201201232730 VideoTcpTask: EAGAIN
201201232759 skt=1716 snd_buf_size=3145728 rcv=5242880
201201232802 skt=1876 snd_buf_size=3145728 rcv=5242880
201201232802 VideoTcpTask: EAGAIN
201201234103 skt=1840 snd_buf_size=3145728 rcv=5242880
201201234330 skt=1828 snd_buf_size=3145728 rcv=5242880
201201234429 skt=1860 snd_buf_size=3145728 rcv=5242880
201201235504 skt=1564 snd_buf_size=3145728 rcv=5242880
